<?xml version="1.0" encoding="UTF-8"?>
<testng-results ignored="0" total="1" passed="1" failed="0" skipped="0">
  <reporter-output>
  </reporter-output>
  <suite started-at="2025-06-05T17:16:47 IST" name="Default suite" finished-at="2025-06-05T17:18:26 IST" duration-ms="98996">
    <groups>
    </groups>
    <test started-at="2025-06-05T17:16:47 IST" name="Default test" finished-at="2025-06-05T17:18:26 IST" duration-ms="98996">
      <class name="tests.DefaultAssessmentTest">
        <test-method is-config="true" signature="setUp()[pri:0, instance:tests.DefaultAssessmentTest@56620197]" started-at="2025-06-05T17:16:47 IST" name="setUp" finished-at="2025-06-05T17:16:54 IST" duration-ms="7090" status="PASS">
          <reporter-output>
          </reporter-output>
        </test-method> <!-- setUp -->
        <test-method signature="performDefaultAssessment()[pri:0, instance:tests.DefaultAssessmentTest@56620197]" started-at="2025-06-05T17:16:54 IST" name="performDefaultAssessment" finished-at="2025-06-05T17:18:26 IST" duration-ms="91839" status="PASS">
          <reporter-output>
          </reporter-output>
        </test-method> <!-- performDefaultAssessment -->
      </class> <!-- tests.DefaultAssessmentTest -->
    </test> <!-- Default test -->
  </suite> <!-- Default suite -->
</testng-results>
